-33783
160
1 109
1 83
1 30
1 20
2 51
2 160
2 68
2 28
3 60
4 36
4 141
4 93
4 87
5 59
5 8
5 127
6 77
6 112
7 37
7 26
8 141
9 141
9 99
9 62
9 126
9 111
10 89
11 119
11 14
12 34
13 66
14 16
14 40
15 108
15 105
15 68
16 107
16 102
17 40
17 140
18 104
19 149
21 123
21 57
22 33
22 139
22 75
23 70
24 151
25 150
26 143
27 41
29 96
29 44
30 55
30 94
31 64
32 142
33 107
33 48
33 113
34 64
34 46
35 99
35 129
36 58
36 128
38 87
39 50
39 106
40 146
41 64
42 76
42 142
43 101
43 145
45 104
46 75
47 88
47 112
48 124
49 111
49 50
51 145
51 96
52 95
52 124
53 75
53 128
54 112
55 137
56 118
60 127
61 124
61 73
62 63
63 151
63 154
64 76
64 86
65 95
66 156
67 149
67 146
69 99
70 78
70 88
71 152
72 121
73 150
73 105
74 114
75 118
75 81
76 78
79 129
80 150
80 100
82 117
84 95
84 135
85 138
89 93
90 160
90 133
91 123
92 147
92 93
94 107
95 103
95 159
97 118
98 140
99 134
103 123
104 139
105 158
109 125
110 115
114 120
114 137
115 124
116 131
116 143
117 135
121 157
122 140
123 156
128 161
130 153
130 143
132 146
132 155
133 136
136 138
144 153
145 152
148 149
148 157
151 153
